c:\users\vsdiagtester\source\repos\mixedprojects\project5\debug\project5.pch
c:\users\vsdiagtester\source\repos\mixedprojects\project5\debug\vc142.pdb
c:\users\vsdiagtester\source\repos\mixedprojects\project5\debug\vc142.idb
c:\users\vsdiagtester\source\repos\mixedprojects\project5\debug\pch.obj
c:\users\vsdiagtester\source\repos\mixedprojects\project5\debug\project5.obj
c:\users\vsdiagtester\source\repos\mixedprojects\project5\debug\dllmain.obj
c:\users\vsdiagtester\source\repos\mixedprojects\consoleapp1\bin\debug\netcoreapp3.1\project5.ilk
c:\users\vsdiagtester\source\repos\mixedprojects\consoleapp1\bin\debug\netcoreapp3.1\project5.dll
c:\users\vsdiagtester\source\repos\mixedprojects\consoleapp1\bin\debug\netcoreapp3.1\project5.pdb
c:\users\vsdiagtester\source\repos\mixedprojects\consoleapp1\bin\debug\netcoreapp3.1\project5.lib
c:\users\vsdiagtester\source\repos\mixedprojects\consoleapp1\bin\debug\netcoreapp3.1\project5.exp
c:\users\vsdiagtester\source\mixedproject\project5\debug\dllmain.obj
c:\users\vsdiagtester\source\mixedproject\project5\debug\pch.obj
c:\users\vsdiagtester\source\mixedproject\project5\debug\project5.obj
c:\users\vsdiagtester\source\mixedproject\project5\debug\project5.pch
c:\users\vsdiagtester\source\mixedproject\project5\debug\vc142.idb
c:\users\vsdiagtester\source\mixedproject\project5\debug\vc142.pdb
c:\users\vsdiagtester\source\mixedproject\consoleapp1\bin\debug\netcoreapp3.1\project5.dll
c:\users\vsdiagtester\source\mixedproject\project5\debug\project5.tlog\cl.command.1.tlog
c:\users\vsdiagtester\source\mixedproject\project5\debug\project5.tlog\cl.read.1.tlog
c:\users\vsdiagtester\source\mixedproject\project5\debug\project5.tlog\cl.write.1.tlog
c:\users\vsdiagtester\source\mixedproject\project5\debug\project5.tlog\link.command.1.tlog
c:\users\vsdiagtester\source\mixedproject\project5\debug\project5.tlog\link.delete.1.tlog
c:\users\vsdiagtester\source\mixedproject\project5\debug\project5.tlog\link.read.1.tlog
c:\users\vsdiagtester\source\mixedproject\project5\debug\project5.tlog\link.write.1.tlog
c:\users\vsdiagtester\source\mixedproject\project5\debug\project5.tlog\project5.write.1u.tlog
